[1221/105718.215:ERROR:directory_reader_win.cc(43)] FindFirstFile: O sistema não pode encontrar o caminho especificado. (0x3)
[1221/124522.504:ERROR:directory_reader_win.cc(43)] FindFirstFile: O sistema não pode encontrar o caminho especificado. (0x3)
[1221/125315.356:ERROR:directory_reader_win.cc(43)] FindFirstFile: O sistema não pode encontrar o caminho especificado. (0x3)
[1221/131209.201:ERROR:directory_reader_win.cc(43)] FindFirstFile: O sistema não pode encontrar o caminho especificado. (0x3)
[1221/132551.641:ERROR:directory_reader_win.cc(43)] FindFirstFile: O sistema não pode encontrar o caminho especificado. (0x3)
[1221/134236.022:ERROR:directory_reader_win.cc(43)] FindFirstFile: O sistema não pode encontrar o caminho especificado. (0x3)
[1221/134347.549:ERROR:directory_reader_win.cc(43)] FindFirstFile: O sistema não pode encontrar o caminho especificado. (0x3)
[1221/135707.865:ERROR:directory_reader_win.cc(43)] FindFirstFile: O sistema não pode encontrar o caminho especificado. (0x3)
[1221/185501.405:ERROR:directory_reader_win.cc(43)] FindFirstFile: O sistema não pode encontrar o caminho especificado. (0x3)
[1221/185914.003:ERROR:directory_reader_win.cc(43)] FindFirstFile: O sistema não pode encontrar o caminho especificado. (0x3)
[1221/191459.294:ERROR:directory_reader_win.cc(43)] FindFirstFile: O sistema não pode encontrar o caminho especificado. (0x3)
[1221/193639.933:ERROR:directory_reader_win.cc(43)] FindFirstFile: O sistema não pode encontrar o caminho especificado. (0x3)
[1221/194253.326:ERROR:directory_reader_win.cc(43)] FindFirstFile: O sistema não pode encontrar o caminho especificado. (0x3)
[1223/111719.533:ERROR:directory_reader_win.cc(43)] FindFirstFile: O sistema não pode encontrar o caminho especificado. (0x3)
[1223/111953.585:ERROR:directory_reader_win.cc(43)] FindFirstFile: O sistema não pode encontrar o caminho especificado. (0x3)
[1223/115033.094:ERROR:directory_reader_win.cc(43)] FindFirstFile: O sistema não pode encontrar o caminho especificado. (0x3)
[1223/115424.681:ERROR:directory_reader_win.cc(43)] FindFirstFile: O sistema não pode encontrar o caminho especificado. (0x3)
[1223/115541.911:ERROR:directory_reader_win.cc(43)] FindFirstFile: O sistema não pode encontrar o caminho especificado. (0x3)
[1223/122412.762:ERROR:directory_reader_win.cc(43)] FindFirstFile: O sistema não pode encontrar o caminho especificado. (0x3)
[1223/123218.276:ERROR:directory_reader_win.cc(43)] FindFirstFile: O sistema não pode encontrar o caminho especificado. (0x3)
[1223/124530.403:ERROR:directory_reader_win.cc(43)] FindFirstFile: O sistema não pode encontrar o caminho especificado. (0x3)
[1223/124811.585:ERROR:directory_reader_win.cc(43)] FindFirstFile: O sistema não pode encontrar o caminho especificado. (0x3)
[1223/125914.970:ERROR:directory_reader_win.cc(43)] FindFirstFile: O sistema não pode encontrar o caminho especificado. (0x3)
[1223/130547.608:ERROR:directory_reader_win.cc(43)] FindFirstFile: O sistema não pode encontrar o caminho especificado. (0x3)
[1223/132023.596:ERROR:directory_reader_win.cc(43)] FindFirstFile: O sistema não pode encontrar o caminho especificado. (0x3)
[1223/141500.665:ERROR:directory_reader_win.cc(43)] FindFirstFile: O sistema não pode encontrar o caminho especificado. (0x3)
[1225/014949.787:ERROR:directory_reader_win.cc(43)] FindFirstFile: O sistema não pode encontrar o caminho especificado. (0x3)
[1225/015131.517:ERROR:directory_reader_win.cc(43)] FindFirstFile: O sistema não pode encontrar o caminho especificado. (0x3)
[1225/020604.502:ERROR:directory_reader_win.cc(43)] FindFirstFile: O sistema não pode encontrar o caminho especificado. (0x3)
[1225/021935.965:ERROR:directory_reader_win.cc(43)] FindFirstFile: O sistema não pode encontrar o caminho especificado. (0x3)
[1225/022908.449:ERROR:directory_reader_win.cc(43)] FindFirstFile: O sistema não pode encontrar o caminho especificado. (0x3)
[1225/151007.959:ERROR:directory_reader_win.cc(43)] FindFirstFile: O sistema não pode encontrar o caminho especificado. (0x3)
[1225/152325.156:ERROR:directory_reader_win.cc(43)] FindFirstFile: O sistema não pode encontrar o caminho especificado. (0x3)
[1225/152447.018:ERROR:directory_reader_win.cc(43)] FindFirstFile: O sistema não pode encontrar o caminho especificado. (0x3)
[1225/153158.283:ERROR:directory_reader_win.cc(43)] FindFirstFile: O sistema não pode encontrar o caminho especificado. (0x3)
[1225/155200.288:ERROR:directory_reader_win.cc(43)] FindFirstFile: O sistema não pode encontrar o caminho especificado. (0x3)
[1225/155835.047:ERROR:directory_reader_win.cc(43)] FindFirstFile: O sistema não pode encontrar o caminho especificado. (0x3)
[1225/160009.736:ERROR:directory_reader_win.cc(43)] FindFirstFile: O sistema não pode encontrar o caminho especificado. (0x3)
[1225/160155.242:ERROR:directory_reader_win.cc(43)] FindFirstFile: O sistema não pode encontrar o caminho especificado. (0x3)
[1225/160338.809:ERROR:directory_reader_win.cc(43)] FindFirstFile: O sistema não pode encontrar o caminho especificado. (0x3)
[1225/160401.690:ERROR:process_reader_win.cc(123)] NtOpenThread: {Acesso Negado} Um processo solicitou acesso a um objeto, mas o direito de acesso não lhe foi concedido. (0xc0000022)
[1225/160401.957:ERROR:exception_snapshot_win.cc(99)] thread ID 22716 not found in process
[1225/160402.598:ERROR:process_reader_win.cc(123)] NtOpenThread: {Acesso Negado} Um processo solicitou acesso a um objeto, mas o direito de acesso não lhe foi concedido. (0xc0000022)
[1225/160402.598:ERROR:exception_snapshot_win.cc(99)] thread ID 31836 not found in process
[1225/160407.731:ERROR:process_reader_win.cc(123)] NtOpenThread: {Acesso Negado} Um processo solicitou acesso a um objeto, mas o direito de acesso não lhe foi concedido. (0xc0000022)
[1225/160407.731:ERROR:exception_snapshot_win.cc(99)] thread ID 9732 not found in process
[1225/160407.966:ERROR:process_reader_win.cc(123)] NtOpenThread: {Acesso Negado} Um processo solicitou acesso a um objeto, mas o direito de acesso não lhe foi concedido. (0xc0000022)
[1225/160407.966:ERROR:exception_snapshot_win.cc(99)] thread ID 36152 not found in process
[1225/160413.169:ERROR:process_reader_win.cc(123)] NtOpenThread: {Acesso Negado} Um processo solicitou acesso a um objeto, mas o direito de acesso não lhe foi concedido. (0xc0000022)
[1225/160413.169:ERROR:exception_snapshot_win.cc(99)] thread ID 27048 not found in process
[1225/160413.424:ERROR:process_reader_win.cc(123)] NtOpenThread: {Acesso Negado} Um processo solicitou acesso a um objeto, mas o direito de acesso não lhe foi concedido. (0xc0000022)
[1225/160413.424:ERROR:exception_snapshot_win.cc(99)] thread ID 37856 not found in process
[1225/160418.783:ERROR:process_reader_win.cc(123)] NtOpenThread: {Acesso Negado} Um processo solicitou acesso a um objeto, mas o direito de acesso não lhe foi concedido. (0xc0000022)
[1225/160418.783:ERROR:exception_snapshot_win.cc(99)] thread ID 35644 not found in process
[1225/160419.035:ERROR:process_reader_win.cc(123)] NtOpenThread: {Acesso Negado} Um processo solicitou acesso a um objeto, mas o direito de acesso não lhe foi concedido. (0xc0000022)
[1225/160419.035:ERROR:exception_snapshot_win.cc(99)] thread ID 35008 not found in process
[1225/160424.606:ERROR:process_reader_win.cc(123)] NtOpenThread: {Acesso Negado} Um processo solicitou acesso a um objeto, mas o direito de acesso não lhe foi concedido. (0xc0000022)
[1225/160424.606:ERROR:exception_snapshot_win.cc(99)] thread ID 33604 not found in process
[1225/160425.632:ERROR:process_reader_win.cc(123)] NtOpenThread: {Acesso Negado} Um processo solicitou acesso a um objeto, mas o direito de acesso não lhe foi concedido. (0xc0000022)
[1225/160425.633:ERROR:exception_snapshot_win.cc(99)] thread ID 33116 not found in process
[1225/160431.241:ERROR:process_reader_win.cc(123)] NtOpenThread: {Acesso Negado} Um processo solicitou acesso a um objeto, mas o direito de acesso não lhe foi concedido. (0xc0000022)
[1225/160431.245:ERROR:exception_snapshot_win.cc(99)] thread ID 32572 not found in process
[1225/160431.841:ERROR:process_reader_win.cc(123)] NtOpenThread: {Acesso Negado} Um processo solicitou acesso a um objeto, mas o direito de acesso não lhe foi concedido. (0xc0000022)
[1225/160431.843:ERROR:exception_snapshot_win.cc(99)] thread ID 25480 not found in process
[1225/163230.812:ERROR:directory_reader_win.cc(43)] FindFirstFile: O sistema não pode encontrar o caminho especificado. (0x3)
[1225/164843.406:ERROR:process_reader_win.cc(123)] NtOpenThread: {Acesso Negado} Um processo solicitou acesso a um objeto, mas o direito de acesso não lhe foi concedido. (0xc0000022)
[1225/164843.406:ERROR:exception_snapshot_win.cc(99)] thread ID 32568 not found in process
[1225/164843.556:ERROR:process_reader_win.cc(123)] NtOpenThread: {Acesso Negado} Um processo solicitou acesso a um objeto, mas o direito de acesso não lhe foi concedido. (0xc0000022)
[1225/164843.556:ERROR:exception_snapshot_win.cc(99)] thread ID 20800 not found in process
[1225/170725.676:ERROR:process_reader_win.cc(123)] NtOpenThread: {Acesso Negado} Um processo solicitou acesso a um objeto, mas o direito de acesso não lhe foi concedido. (0xc0000022)
[1225/170725.676:ERROR:exception_snapshot_win.cc(99)] thread ID 30928 not found in process
[1225/170725.707:ERROR:process_reader_win.cc(151)] SuspendThread: Acesso negado. (0x5)
[1225/170725.707:ERROR:process_reader_win.cc(123)] NtOpenThread: {Acesso Negado} Um processo solicitou acesso a um objeto, mas o direito de acesso não lhe foi concedido. (0xc0000022)
[1225/170725.707:ERROR:exception_snapshot_win.cc(99)] thread ID 34476 not found in process
[1225/170730.767:ERROR:process_reader_win.cc(123)] NtOpenThread: {Acesso Negado} Um processo solicitou acesso a um objeto, mas o direito de acesso não lhe foi concedido. (0xc0000022)
[1225/170730.767:ERROR:exception_snapshot_win.cc(99)] thread ID 39488 not found in process
[1225/170730.803:ERROR:process_reader_win.cc(123)] NtOpenThread: {Acesso Negado} Um processo solicitou acesso a um objeto, mas o direito de acesso não lhe foi concedido. (0xc0000022)
[1225/170730.803:ERROR:exception_snapshot_win.cc(99)] thread ID 40704 not found in process
[1225/171625.597:ERROR:process_reader_win.cc(123)] NtOpenThread: {Acesso Negado} Um processo solicitou acesso a um objeto, mas o direito de acesso não lhe foi concedido. (0xc0000022)
[1225/171625.597:ERROR:exception_snapshot_win.cc(99)] thread ID 27744 not found in process
[1225/171625.630:ERROR:process_reader_win.cc(123)] NtOpenThread: {Acesso Negado} Um processo solicitou acesso a um objeto, mas o direito de acesso não lhe foi concedido. (0xc0000022)
[1225/171625.630:ERROR:exception_snapshot_win.cc(99)] thread ID 42992 not found in process
[1225/212636.722:ERROR:process_reader_win.cc(123)] NtOpenThread: {Acesso Negado} Um processo solicitou acesso a um objeto, mas o direito de acesso não lhe foi concedido. (0xc0000022)
[1225/212636.727:ERROR:exception_snapshot_win.cc(99)] thread ID 28524 not found in process
[1225/212636.788:ERROR:process_reader_win.cc(123)] NtOpenThread: {Acesso Negado} Um processo solicitou acesso a um objeto, mas o direito de acesso não lhe foi concedido. (0xc0000022)
[1225/212636.788:ERROR:exception_snapshot_win.cc(99)] thread ID 42040 not found in process
[1225/214218.228:ERROR:directory_reader_win.cc(43)] FindFirstFile: O sistema não pode encontrar o caminho especificado. (0x3)
[1225/214930.365:ERROR:directory_reader_win.cc(43)] FindFirstFile: O sistema não pode encontrar o caminho especificado. (0x3)
[1225/220104.910:ERROR:directory_reader_win.cc(43)] FindFirstFile: O sistema não pode encontrar o caminho especificado. (0x3)
[1225/221719.309:ERROR:directory_reader_win.cc(43)] FindFirstFile: O sistema não pode encontrar o caminho especificado. (0x3)
[1225/221754.419:ERROR:process_reader_win.cc(123)] NtOpenThread: {Acesso Negado} Um processo solicitou acesso a um objeto, mas o direito de acesso não lhe foi concedido. (0xc0000022)
[1225/221754.419:ERROR:exception_snapshot_win.cc(99)] thread ID 42724 not found in process
[1225/221754.502:ERROR:process_reader_win.cc(123)] NtOpenThread: {Acesso Negado} Um processo solicitou acesso a um objeto, mas o direito de acesso não lhe foi concedido. (0xc0000022)
[1225/221754.502:ERROR:exception_snapshot_win.cc(99)] thread ID 16332 not found in process
[1225/221754.502:ERROR:scoped_process_suspend.cc(40)] NtResumeProcess: Tentou-se acessar um processo de saída. (0xc000010a)
[1225/221754.600:ERROR:process_reader_win.cc(123)] NtOpenThread: {Acesso Negado} Um processo solicitou acesso a um objeto, mas o direito de acesso não lhe foi concedido. (0xc0000022)
[1225/221754.600:ERROR:process_reader_win.cc(123)] NtOpenThread: {Acesso Negado} Um processo solicitou acesso a um objeto, mas o direito de acesso não lhe foi concedido. (0xc0000022)
[1225/221754.600:ERROR:exception_snapshot_win.cc(99)] thread ID 42396 not found in process
[1225/221754.600:ERROR:exception_snapshot_win.cc(99)] thread ID 42892 not found in process
[1225/221754.691:ERROR:process_reader_win.cc(123)] NtOpenThread: {Acesso Negado} Um processo solicitou acesso a um objeto, mas o direito de acesso não lhe foi concedido. (0xc0000022)
[1225/221754.691:ERROR:exception_snapshot_win.cc(99)] thread ID 32452 not found in process
[1225/222619.312:ERROR:process_reader_win.cc(123)] NtOpenThread: {Acesso Negado} Um processo solicitou acesso a um objeto, mas o direito de acesso não lhe foi concedido. (0xc0000022)
[1225/222619.312:ERROR:exception_snapshot_win.cc(99)] thread ID 42572 not found in process
[1225/222619.343:ERROR:process_reader_win.cc(151)] SuspendThread: Acesso negado. (0x5)
[1225/222619.343:ERROR:process_reader_win.cc(123)] NtOpenThread: {Acesso Negado} Um processo solicitou acesso a um objeto, mas o direito de acesso não lhe foi concedido. (0xc0000022)
[1225/222619.343:ERROR:exception_snapshot_win.cc(99)] thread ID 31908 not found in process
[1225/231442.363:ERROR:process_reader_win.cc(123)] NtOpenThread: {Acesso Negado} Um processo solicitou acesso a um objeto, mas o direito de acesso não lhe foi concedido. (0xc0000022)
[1225/231442.460:ERROR:exception_snapshot_win.cc(99)] thread ID 36484 not found in process
[1225/231442.491:ERROR:process_reader_win.cc(151)] SuspendThread: Acesso negado. (0x5)
[1225/231442.492:ERROR:process_reader_win.cc(123)] NtOpenThread: {Acesso Negado} Um processo solicitou acesso a um objeto, mas o direito de acesso não lhe foi concedido. (0xc0000022)
[1225/231442.492:ERROR:exception_snapshot_win.cc(99)] thread ID 40764 not found in process
[1225/232205.021:ERROR:process_reader_win.cc(123)] NtOpenThread: {Acesso Negado} Um processo solicitou acesso a um objeto, mas o direito de acesso não lhe foi concedido. (0xc0000022)
[1225/232205.021:ERROR:exception_snapshot_win.cc(99)] thread ID 38868 not found in process
[1226/012400.499:ERROR:directory_reader_win.cc(43)] FindFirstFile: O sistema não pode encontrar o caminho especificado. (0x3)
[1226/012640.442:ERROR:process_reader_win.cc(123)] NtOpenThread: {Acesso Negado} Um processo solicitou acesso a um objeto, mas o direito de acesso não lhe foi concedido. (0xc0000022)
[1226/012640.476:ERROR:exception_snapshot_win.cc(99)] thread ID 36360 not found in process
[1226/012640.594:ERROR:process_reader_win.cc(123)] NtOpenThread: {Acesso Negado} Um processo solicitou acesso a um objeto, mas o direito de acesso não lhe foi concedido. (0xc0000022)
[1226/012640.594:ERROR:exception_snapshot_win.cc(99)] thread ID 38448 not found in process
[1226/012645.771:ERROR:process_reader_win.cc(123)] NtOpenThread: {Acesso Negado} Um processo solicitou acesso a um objeto, mas o direito de acesso não lhe foi concedido. (0xc0000022)
[1226/012645.771:ERROR:exception_snapshot_win.cc(99)] thread ID 45560 not found in process
[1226/012645.902:ERROR:process_reader_win.cc(123)] NtOpenThread: {Acesso Negado} Um processo solicitou acesso a um objeto, mas o direito de acesso não lhe foi concedido. (0xc0000022)
[1226/012645.902:ERROR:exception_snapshot_win.cc(99)] thread ID 42004 not found in process
[1226/013436.340:ERROR:process_reader_win.cc(123)] NtOpenThread: {Acesso Negado} Um processo solicitou acesso a um objeto, mas o direito de acesso não lhe foi concedido. (0xc0000022)
[1226/013436.342:ERROR:exception_snapshot_win.cc(99)] thread ID 46276 not found in process
[1226/013436.457:ERROR:process_reader_win.cc(123)] NtOpenThread: {Acesso Negado} Um processo solicitou acesso a um objeto, mas o direito de acesso não lhe foi concedido. (0xc0000022)
[1226/013436.457:ERROR:exception_snapshot_win.cc(99)] thread ID 42960 not found in process
[1226/014132.027:ERROR:process_reader_win.cc(123)] NtOpenThread: {Acesso Negado} Um processo solicitou acesso a um objeto, mas o direito de acesso não lhe foi concedido. (0xc0000022)
[1226/014132.030:ERROR:exception_snapshot_win.cc(99)] thread ID 16924 not found in process
[1226/172206.231:ERROR:process_reader_win.cc(123)] NtOpenThread: {Acesso Negado} Um processo solicitou acesso a um objeto, mas o direito de acesso não lhe foi concedido. (0xc0000022)
[1226/172206.543:ERROR:exception_snapshot_win.cc(99)] thread ID 51120 not found in process
[1226/172206.589:ERROR:process_reader_win.cc(151)] SuspendThread: Acesso negado. (0x5)
[1226/172206.589:ERROR:process_reader_win.cc(123)] NtOpenThread: {Acesso Negado} Um processo solicitou acesso a um objeto, mas o direito de acesso não lhe foi concedido. (0xc0000022)
[1226/172206.589:ERROR:exception_snapshot_win.cc(99)] thread ID 34876 not found in process
[1226/172211.877:ERROR:process_reader_win.cc(123)] NtOpenThread: {Acesso Negado} Um processo solicitou acesso a um objeto, mas o direito de acesso não lhe foi concedido. (0xc0000022)
[1226/172211.877:ERROR:exception_snapshot_win.cc(99)] thread ID 47848 not found in process
[1226/172211.908:ERROR:process_reader_win.cc(151)] SuspendThread: Acesso negado. (0x5)
[1226/172211.908:ERROR:process_reader_win.cc(123)] NtOpenThread: {Acesso Negado} Um processo solicitou acesso a um objeto, mas o direito de acesso não lhe foi concedido. (0xc0000022)
[1226/172211.908:ERROR:exception_snapshot_win.cc(99)] thread ID 44272 not found in process
[1226/172216.954:ERROR:process_reader_win.cc(123)] NtOpenThread: {Acesso Negado} Um processo solicitou acesso a um objeto, mas o direito de acesso não lhe foi concedido. (0xc0000022)
[1226/172216.954:ERROR:exception_snapshot_win.cc(99)] thread ID 43972 not found in process
[1226/172217.048:ERROR:process_reader_win.cc(123)] NtOpenThread: {Acesso Negado} Um processo solicitou acesso a um objeto, mas o direito de acesso não lhe foi concedido. (0xc0000022)
[1226/172217.048:ERROR:exception_snapshot_win.cc(99)] thread ID 7280 not found in process
[1226/173401.549:ERROR:directory_reader_win.cc(43)] FindFirstFile: O sistema não pode encontrar o caminho especificado. (0x3)
[1226/173503.803:ERROR:process_reader_win.cc(123)] NtOpenThread: {Acesso Negado} Um processo solicitou acesso a um objeto, mas o direito de acesso não lhe foi concedido. (0xc0000022)
[1226/173503.804:ERROR:exception_snapshot_win.cc(99)] thread ID 45616 not found in process
[1226/173503.847:ERROR:process_reader_win.cc(151)] SuspendThread: Acesso negado. (0x5)
[1226/173503.847:ERROR:exception_snapshot_win.cc(99)] thread ID 49160 not found in process
[1226/173503.847:ERROR:scoped_process_suspend.cc(40)] NtResumeProcess: Tentou-se acessar um processo de saída. (0xc000010a)
[1226/175804.837:ERROR:process_reader_win.cc(123)] NtOpenThread: {Acesso Negado} Um processo solicitou acesso a um objeto, mas o direito de acesso não lhe foi concedido. (0xc0000022)
[1226/175804.838:ERROR:exception_snapshot_win.cc(99)] thread ID 46688 not found in process
[1226/175804.922:ERROR:process_reader_win.cc(151)] SuspendThread: Acesso negado. (0x5)
[1226/175804.923:ERROR:process_reader_win.cc(151)] SuspendThread: Acesso negado. (0x5)
[1226/175804.923:ERROR:process_reader_win.cc(123)] NtOpenThread: {Acesso Negado} Um processo solicitou acesso a um objeto, mas o direito de acesso não lhe foi concedido. (0xc0000022)
[1226/175804.923:ERROR:exception_snapshot_win.cc(99)] thread ID 32340 not found in process
[1226/180137.217:ERROR:process_reader_win.cc(123)] NtOpenThread: {Acesso Negado} Um processo solicitou acesso a um objeto, mas o direito de acesso não lhe foi concedido. (0xc0000022)
[1226/180137.218:ERROR:exception_snapshot_win.cc(99)] thread ID 28368 not found in process
[1226/180137.253:ERROR:process_reader_win.cc(123)] NtOpenThread: {Acesso Negado} Um processo solicitou acesso a um objeto, mas o direito de acesso não lhe foi concedido. (0xc0000022)
[1226/180137.253:ERROR:exception_snapshot_win.cc(99)] thread ID 32340 not found in process
[1226/180142.311:ERROR:process_reader_win.cc(123)] NtOpenThread: {Acesso Negado} Um processo solicitou acesso a um objeto, mas o direito de acesso não lhe foi concedido. (0xc0000022)
[1226/180142.311:ERROR:exception_snapshot_win.cc(99)] thread ID 47536 not found in process
[1226/180142.356:ERROR:process_reader_win.cc(123)] NtOpenThread: {Acesso Negado} Um processo solicitou acesso a um objeto, mas o direito de acesso não lhe foi concedido. (0xc0000022)
[1226/180142.356:ERROR:exception_snapshot_win.cc(99)] thread ID 47228 not found in process
[1227/104542.190:ERROR:directory_reader_win.cc(43)] FindFirstFile: O sistema não pode encontrar o caminho especificado. (0x3)
[1227/141138.949:ERROR:directory_reader_win.cc(43)] FindFirstFile: O sistema não pode encontrar o caminho especificado. (0x3)
[1227/142626.142:ERROR:directory_reader_win.cc(43)] FindFirstFile: O sistema não pode encontrar o caminho especificado. (0x3)
[1227/143007.387:ERROR:directory_reader_win.cc(43)] FindFirstFile: O sistema não pode encontrar o caminho especificado. (0x3)
[1227/143306.143:ERROR:directory_reader_win.cc(43)] FindFirstFile: O sistema não pode encontrar o caminho especificado. (0x3)
[1227/143612.534:ERROR:directory_reader_win.cc(43)] FindFirstFile: O sistema não pode encontrar o caminho especificado. (0x3)
[1228/223255.209:ERROR:directory_reader_win.cc(43)] FindFirstFile: O sistema não pode encontrar o caminho especificado. (0x3)
[1228/225531.978:ERROR:directory_reader_win.cc(43)] FindFirstFile: O sistema não pode encontrar o caminho especificado. (0x3)
[1228/231237.820:ERROR:directory_reader_win.cc(43)] FindFirstFile: O sistema não pode encontrar o caminho especificado. (0x3)
[1229/014024.982:ERROR:process_reader_win.cc(123)] NtOpenThread: {Acesso Negado} Um processo solicitou acesso a um objeto, mas o direito de acesso não lhe foi concedido. (0xc0000022)
[1229/014025.201:ERROR:exception_snapshot_win.cc(99)] thread ID 21596 not found in process
[1229/020549.968:ERROR:process_reader_win.cc(123)] NtOpenThread: {Acesso Negado} Um processo solicitou acesso a um objeto, mas o direito de acesso não lhe foi concedido. (0xc0000022)
[1229/020550.196:ERROR:exception_snapshot_win.cc(99)] thread ID 24212 not found in process
[1229/020550.225:ERROR:process_reader_win.cc(151)] SuspendThread: Acesso negado. (0x5)
[1229/020550.225:ERROR:process_reader_win.cc(123)] NtOpenThread: {Acesso Negado} Um processo solicitou acesso a um objeto, mas o direito de acesso não lhe foi concedido. (0xc0000022)
[1229/020550.225:ERROR:exception_snapshot_win.cc(99)] thread ID 22644 not found in process
[1229/111207.424:ERROR:directory_reader_win.cc(43)] FindFirstFile: O sistema não pode encontrar o caminho especificado. (0x3)
[1229/112604.164:ERROR:directory_reader_win.cc(43)] FindFirstFile: O sistema não pode encontrar o caminho especificado. (0x3)
[1229/115622.194:ERROR:directory_reader_win.cc(43)] FindFirstFile: O sistema não pode encontrar o caminho especificado. (0x3)
[1229/120946.040:ERROR:directory_reader_win.cc(43)] FindFirstFile: O sistema não pode encontrar o caminho especificado. (0x3)
[1229/121639.813:ERROR:directory_reader_win.cc(43)] FindFirstFile: O sistema não pode encontrar o caminho especificado. (0x3)
[1229/121840.649:ERROR:directory_reader_win.cc(43)] FindFirstFile: O sistema não pode encontrar o caminho especificado. (0x3)
[1229/200037.014:ERROR:directory_reader_win.cc(43)] FindFirstFile: O sistema não pode encontrar o caminho especificado. (0x3)
[1229/200625.928:ERROR:process_info.cc(329)] VirtualQueryEx: Acesso negado. (0x5)
[1229/200625.933:ERROR:process_info.cc(556)] ReadMemoryInfo failed
[1229/200625.933:ERROR:process_memory_win.cc(39)] Failed to initialize ProcessInfo.
[1229/200625.933:ERROR:scoped_process_suspend.cc(40)] NtResumeProcess: Tentou-se acessar um processo de saída. (0xc000010a)
[1229/200626.104:ERROR:process_reader_win.cc(123)] NtOpenThread: {Acesso Negado} Um processo solicitou acesso a um objeto, mas o direito de acesso não lhe foi concedido. (0xc0000022)
[1229/200626.105:ERROR:exception_snapshot_win.cc(99)] thread ID 32680 not found in process
[0104/180535.469:ERROR:process_reader_win.cc(123)] NtOpenThread: {Acesso Negado} Um processo solicitou acesso a um objeto, mas o direito de acesso não lhe foi concedido. (0xc0000022)
[0104/180535.515:ERROR:exception_snapshot_win.cc(99)] thread ID 40956 not found in process
[0104/180535.554:ERROR:process_reader_win.cc(123)] NtOpenThread: {Acesso Negado} Um processo solicitou acesso a um objeto, mas o direito de acesso não lhe foi concedido. (0xc0000022)
[0104/180535.554:ERROR:exception_snapshot_win.cc(99)] thread ID 38872 not found in process
[0104/181711.036:ERROR:directory_reader_win.cc(43)] FindFirstFile: O sistema não pode encontrar o caminho especificado. (0x3)
[0104/182009.109:ERROR:directory_reader_win.cc(43)] FindFirstFile: O sistema não pode encontrar o caminho especificado. (0x3)
[0104/182043.791:ERROR:process_reader_win.cc(123)] NtOpenThread: {Acesso Negado} Um processo solicitou acesso a um objeto, mas o direito de acesso não lhe foi concedido. (0xc0000022)
[0104/182043.791:ERROR:exception_snapshot_win.cc(99)] thread ID 39512 not found in process
[0104/182043.844:ERROR:process_reader_win.cc(123)] NtOpenThread: {Acesso Negado} Um processo solicitou acesso a um objeto, mas o direito de acesso não lhe foi concedido. (0xc0000022)
[0104/182043.844:ERROR:exception_snapshot_win.cc(99)] thread ID 15320 not found in process
[0104/205115.841:ERROR:process_reader_win.cc(123)] NtOpenThread: {Acesso Negado} Um processo solicitou acesso a um objeto, mas o direito de acesso não lhe foi concedido. (0xc0000022)
[0104/205116.306:ERROR:exception_snapshot_win.cc(99)] thread ID 16804 not found in process
[0104/205116.326:ERROR:process_reader_win.cc(123)] NtOpenThread: {Acesso Negado} Um processo solicitou acesso a um objeto, mas o direito de acesso não lhe foi concedido. (0xc0000022)
[0104/205116.326:ERROR:exception_snapshot_win.cc(99)] thread ID 43828 not found in process
[0104/205116.362:ERROR:process_reader_win.cc(123)] NtOpenThread: {Acesso Negado} Um processo solicitou acesso a um objeto, mas o direito de acesso não lhe foi concedido. (0xc0000022)
[0104/205116.362:ERROR:exception_snapshot_win.cc(99)] thread ID 38404 not found in process
[0104/210106.448:ERROR:process_reader_win.cc(123)] NtOpenThread: {Acesso Negado} Um processo solicitou acesso a um objeto, mas o direito de acesso não lhe foi concedido. (0xc0000022)
[0104/210106.486:ERROR:exception_snapshot_win.cc(99)] thread ID 42584 not found in process
[0104/210106.527:ERROR:process_reader_win.cc(123)] NtOpenThread: {Acesso Negado} Um processo solicitou acesso a um objeto, mas o direito de acesso não lhe foi concedido. (0xc0000022)
[0104/210106.527:ERROR:exception_snapshot_win.cc(99)] thread ID 43740 not found in process
[0104/210111.722:ERROR:process_reader_win.cc(123)] NtOpenThread: {Acesso Negado} Um processo solicitou acesso a um objeto, mas o direito de acesso não lhe foi concedido. (0xc0000022)
[0104/210111.723:ERROR:exception_snapshot_win.cc(99)] thread ID 43272 not found in process
[0104/210111.758:ERROR:process_reader_win.cc(123)] NtOpenThread: {Acesso Negado} Um processo solicitou acesso a um objeto, mas o direito de acesso não lhe foi concedido. (0xc0000022)
[0104/210111.758:ERROR:exception_snapshot_win.cc(99)] thread ID 42924 not found in process
[0104/210117.153:ERROR:process_reader_win.cc(123)] NtOpenThread: {Acesso Negado} Um processo solicitou acesso a um objeto, mas o direito de acesso não lhe foi concedido. (0xc0000022)
[0104/210117.154:ERROR:exception_snapshot_win.cc(99)] thread ID 15628 not found in process
[0104/210117.184:ERROR:process_reader_win.cc(151)] SuspendThread: Acesso negado. (0x5)
[0104/210117.185:ERROR:process_reader_win.cc(123)] NtOpenThread: {Acesso Negado} Um processo solicitou acesso a um objeto, mas o direito de acesso não lhe foi concedido. (0xc0000022)
[0104/210117.185:ERROR:exception_snapshot_win.cc(99)] thread ID 13252 not found in process
[0104/210557.519:ERROR:process_reader_win.cc(123)] NtOpenThread: {Acesso Negado} Um processo solicitou acesso a um objeto, mas o direito de acesso não lhe foi concedido. (0xc0000022)
[0104/210557.531:ERROR:exception_snapshot_win.cc(99)] thread ID 32004 not found in process
[0104/210557.573:ERROR:process_reader_win.cc(123)] NtOpenThread: {Acesso Negado} Um processo solicitou acesso a um objeto, mas o direito de acesso não lhe foi concedido. (0xc0000022)
[0104/210557.573:ERROR:exception_snapshot_win.cc(99)] thread ID 27180 not found in process
[0104/211650.865:ERROR:directory_reader_win.cc(43)] FindFirstFile: O sistema não pode encontrar o caminho especificado. (0x3)
[0104/212039.454:ERROR:process_reader_win.cc(123)] NtOpenThread: {Acesso Negado} Um processo solicitou acesso a um objeto, mas o direito de acesso não lhe foi concedido. (0xc0000022)
[0104/212039.489:ERROR:exception_snapshot_win.cc(99)] thread ID 45024 not found in process
[0104/212039.521:ERROR:process_reader_win.cc(151)] SuspendThread: Acesso negado. (0x5)
[0104/212039.521:ERROR:process_reader_win.cc(123)] NtOpenThread: {Acesso Negado} Um processo solicitou acesso a um objeto, mas o direito de acesso não lhe foi concedido. (0xc0000022)
[0104/212039.522:ERROR:exception_snapshot_win.cc(99)] thread ID 44380 not found in process
[0104/212049.607:ERROR:process_reader_win.cc(123)] NtOpenThread: {Acesso Negado} Um processo solicitou acesso a um objeto, mas o direito de acesso não lhe foi concedido. (0xc0000022)
[0104/212049.608:ERROR:exception_snapshot_win.cc(99)] thread ID 44740 not found in process
[0104/212049.639:ERROR:process_reader_win.cc(151)] SuspendThread: Acesso negado. (0x5)
[0104/212049.639:ERROR:process_reader_win.cc(123)] NtOpenThread: {Acesso Negado} Um processo solicitou acesso a um objeto, mas o direito de acesso não lhe foi concedido. (0xc0000022)
[0104/212049.639:ERROR:exception_snapshot_win.cc(99)] thread ID 31688 not found in process
[0104/212054.689:ERROR:process_reader_win.cc(123)] NtOpenThread: {Acesso Negado} Um processo solicitou acesso a um objeto, mas o direito de acesso não lhe foi concedido. (0xc0000022)
[0104/212054.690:ERROR:exception_snapshot_win.cc(99)] thread ID 42124 not found in process
[0104/212054.720:ERROR:process_reader_win.cc(151)] SuspendThread: Acesso negado. (0x5)
[0104/212054.721:ERROR:process_reader_win.cc(151)] SuspendThread: Acesso negado. (0x5)
[0104/212054.721:ERROR:process_reader_win.cc(151)] SuspendThread: Acesso negado. (0x5)
[0104/212054.721:ERROR:process_reader_win.cc(123)] NtOpenThread: {Acesso Negado} Um processo solicitou acesso a um objeto, mas o direito de acesso não lhe foi concedido. (0xc0000022)
[0104/212054.721:ERROR:exception_snapshot_win.cc(99)] thread ID 44612 not found in process
[0104/212059.755:ERROR:process_reader_win.cc(123)] NtOpenThread: {Acesso Negado} Um processo solicitou acesso a um objeto, mas o direito de acesso não lhe foi concedido. (0xc0000022)
[0104/212059.755:ERROR:exception_snapshot_win.cc(99)] thread ID 42728 not found in process
[0104/212059.863:ERROR:process_reader_win.cc(123)] NtOpenThread: {Acesso Negado} Um processo solicitou acesso a um objeto, mas o direito de acesso não lhe foi concedido. (0xc0000022)
[0104/212059.863:ERROR:exception_snapshot_win.cc(99)] thread ID 44444 not found in process
[0104/212335.638:ERROR:process_reader_win.cc(123)] NtOpenThread: {Acesso Negado} Um processo solicitou acesso a um objeto, mas o direito de acesso não lhe foi concedido. (0xc0000022)
[0104/212335.639:ERROR:exception_snapshot_win.cc(99)] thread ID 10668 not found in process
[0104/212335.683:ERROR:process_reader_win.cc(123)] NtOpenThread: {Acesso Negado} Um processo solicitou acesso a um objeto, mas o direito de acesso não lhe foi concedido. (0xc0000022)
[0104/212335.683:ERROR:exception_snapshot_win.cc(99)] thread ID 42940 not found in process
[0104/213419.922:ERROR:directory_reader_win.cc(43)] FindFirstFile: O sistema não pode encontrar o caminho especificado. (0x3)
[0104/214736.932:ERROR:process_reader_win.cc(123)] NtOpenThread: {Acesso Negado} Um processo solicitou acesso a um objeto, mas o direito de acesso não lhe foi concedido. (0xc0000022)
[0104/214736.933:ERROR:exception_snapshot_win.cc(99)] thread ID 27548 not found in process
[0104/214736.964:ERROR:process_reader_win.cc(151)] SuspendThread: Acesso negado. (0x5)
[0104/214736.964:ERROR:process_reader_win.cc(123)] NtOpenThread: {Acesso Negado} Um processo solicitou acesso a um objeto, mas o direito de acesso não lhe foi concedido. (0xc0000022)
[0104/214736.964:ERROR:exception_snapshot_win.cc(99)] thread ID 18248 not found in process
[0104/214747.055:ERROR:process_reader_win.cc(123)] NtOpenThread: {Acesso Negado} Um processo solicitou acesso a um objeto, mas o direito de acesso não lhe foi concedido. (0xc0000022)
[0104/214747.055:ERROR:exception_snapshot_win.cc(99)] thread ID 33364 not found in process
[0104/214747.106:ERROR:process_reader_win.cc(123)] NtOpenThread: {Acesso Negado} Um processo solicitou acesso a um objeto, mas o direito de acesso não lhe foi concedido. (0xc0000022)
[0104/214747.106:ERROR:exception_snapshot_win.cc(99)] thread ID 38592 not found in process
[0104/220031.117:ERROR:process_reader_win.cc(123)] NtOpenThread: {Acesso Negado} Um processo solicitou acesso a um objeto, mas o direito de acesso não lhe foi concedido. (0xc0000022)
[0104/220031.173:ERROR:exception_snapshot_win.cc(99)] thread ID 46948 not found in process
[0104/220031.222:ERROR:process_reader_win.cc(123)] NtOpenThread: {Acesso Negado} Um processo solicitou acesso a um objeto, mas o direito de acesso não lhe foi concedido. (0xc0000022)
[0104/220031.222:ERROR:exception_snapshot_win.cc(99)] thread ID 46912 not found in process
[0104/220036.290:ERROR:process_reader_win.cc(123)] NtOpenThread: {Acesso Negado} Um processo solicitou acesso a um objeto, mas o direito de acesso não lhe foi concedido. (0xc0000022)
[0104/220036.290:ERROR:exception_snapshot_win.cc(99)] thread ID 44636 not found in process
[0104/220036.471:ERROR:process_reader_win.cc(123)] NtOpenThread: {Acesso Negado} Um processo solicitou acesso a um objeto, mas o direito de acesso não lhe foi concedido. (0xc0000022)
[0104/220036.471:ERROR:exception_snapshot_win.cc(99)] thread ID 42988 not found in process
[0104/220042.014:ERROR:process_reader_win.cc(151)] SuspendThread: Acesso negado. (0x5)
[0104/220042.015:ERROR:process_reader_win.cc(123)] NtOpenThread: {Acesso Negado} Um processo solicitou acesso a um objeto, mas o direito de acesso não lhe foi concedido. (0xc0000022)
[0104/220042.015:ERROR:exception_snapshot_win.cc(99)] thread ID 45796 not found in process
[0104/220042.092:ERROR:process_reader_win.cc(123)] NtOpenThread: {Acesso Negado} Um processo solicitou acesso a um objeto, mas o direito de acesso não lhe foi concedido. (0xc0000022)
[0104/220042.092:ERROR:exception_snapshot_win.cc(99)] thread ID 46564 not found in process
[0104/220416.104:ERROR:process_reader_win.cc(123)] NtOpenThread: {Acesso Negado} Um processo solicitou acesso a um objeto, mas o direito de acesso não lhe foi concedido. (0xc0000022)
[0104/220416.104:ERROR:exception_snapshot_win.cc(99)] thread ID 42784 not found in process
[0104/220416.140:ERROR:process_reader_win.cc(123)] NtOpenThread: {Acesso Negado} Um processo solicitou acesso a um objeto, mas o direito de acesso não lhe foi concedido. (0xc0000022)
[0104/220416.140:ERROR:exception_snapshot_win.cc(99)] thread ID 44688 not found in process
[0104/221515.499:ERROR:directory_reader_win.cc(43)] FindFirstFile: O sistema não pode encontrar o caminho especificado. (0x3)
[0104/221827.198:ERROR:directory_reader_win.cc(43)] FindFirstFile: O sistema não pode encontrar o caminho especificado. (0x3)
[0104/222917.790:ERROR:process_reader_win.cc(123)] NtOpenThread: {Acesso Negado} Um processo solicitou acesso a um objeto, mas o direito de acesso não lhe foi concedido. (0xc0000022)
[0104/222917.824:ERROR:exception_snapshot_win.cc(99)] thread ID 45596 not found in process
[0104/222917.866:ERROR:process_reader_win.cc(123)] NtOpenThread: {Acesso Negado} Um processo solicitou acesso a um objeto, mas o direito de acesso não lhe foi concedido. (0xc0000022)
[0104/222917.866:ERROR:exception_snapshot_win.cc(99)] thread ID 46980 not found in process
[0104/223411.373:ERROR:process_reader_win.cc(123)] NtOpenThread: {Acesso Negado} Um processo solicitou acesso a um objeto, mas o direito de acesso não lhe foi concedido. (0xc0000022)
[0104/223411.374:ERROR:exception_snapshot_win.cc(99)] thread ID 44112 not found in process
[0104/223411.414:ERROR:process_reader_win.cc(123)] NtOpenThread: {Acesso Negado} Um processo solicitou acesso a um objeto, mas o direito de acesso não lhe foi concedido. (0xc0000022)
[0104/223411.414:ERROR:exception_snapshot_win.cc(99)] thread ID 41804 not found in process
[0104/223416.480:ERROR:process_reader_win.cc(123)] NtOpenThread: {Acesso Negado} Um processo solicitou acesso a um objeto, mas o direito de acesso não lhe foi concedido. (0xc0000022)
[0104/223416.480:ERROR:exception_snapshot_win.cc(99)] thread ID 28584 not found in process
[0104/223416.513:ERROR:process_reader_win.cc(123)] NtOpenThread: {Acesso Negado} Um processo solicitou acesso a um objeto, mas o direito de acesso não lhe foi concedido. (0xc0000022)
[0104/223416.513:ERROR:exception_snapshot_win.cc(99)] thread ID 13500 not found in process
[0104/223555.646:ERROR:process_reader_win.cc(123)] NtOpenThread: {Acesso Negado} Um processo solicitou acesso a um objeto, mas o direito de acesso não lhe foi concedido. (0xc0000022)
[0104/223555.647:ERROR:exception_snapshot_win.cc(99)] thread ID 38592 not found in process
[0104/223555.686:ERROR:process_reader_win.cc(123)] NtOpenThread: {Acesso Negado} Um processo solicitou acesso a um objeto, mas o direito de acesso não lhe foi concedido. (0xc0000022)
[0104/223555.686:ERROR:exception_snapshot_win.cc(99)] thread ID 44828 not found in process
[0104/225233.367:ERROR:directory_reader_win.cc(43)] FindFirstFile: O sistema não pode encontrar o caminho especificado. (0x3)
[0106/183658.744:ERROR:process_reader_win.cc(123)] NtOpenThread: {Acesso Negado} Um processo solicitou acesso a um objeto, mas o direito de acesso não lhe foi concedido. (0xc0000022)
[0106/183658.869:ERROR:exception_snapshot_win.cc(99)] thread ID 14408 not found in process
[0106/183659.025:ERROR:process_reader_win.cc(151)] SuspendThread: Acesso negado. (0x5)
[0106/183659.025:ERROR:process_reader_win.cc(151)] SuspendThread: Acesso negado. (0x5)
[0106/183659.025:ERROR:process_reader_win.cc(151)] SuspendThread: Acesso negado. (0x5)
[0106/183659.025:ERROR:process_reader_win.cc(123)] NtOpenThread: {Acesso Negado} Um processo solicitou acesso a um objeto, mas o direito de acesso não lhe foi concedido. (0xc0000022)
[0106/183659.025:ERROR:exception_snapshot_win.cc(99)] thread ID 6328 not found in process
[0106/183752.987:ERROR:process_reader_win.cc(123)] NtOpenThread: {Acesso Negado} Um processo solicitou acesso a um objeto, mas o direito de acesso não lhe foi concedido. (0xc0000022)
[0106/183752.995:ERROR:exception_snapshot_win.cc(99)] thread ID 16324 not found in process
[0106/183753.043:ERROR:process_reader_win.cc(151)] SuspendThread: Acesso negado. (0x5)
[0106/183753.043:ERROR:process_reader_win.cc(151)] SuspendThread: Acesso negado. (0x5)
[0106/183753.043:ERROR:process_reader_win.cc(151)] SuspendThread: Acesso negado. (0x5)
[0106/183753.043:ERROR:process_reader_win.cc(123)] NtOpenThread: {Acesso Negado} Um processo solicitou acesso a um objeto, mas o direito de acesso não lhe foi concedido. (0xc0000022)
[0106/183753.043:ERROR:exception_snapshot_win.cc(99)] thread ID 1060 not found in process
[0106/203025.174:ERROR:process_reader_win.cc(123)] NtOpenThread: {Acesso Negado} Um processo solicitou acesso a um objeto, mas o direito de acesso não lhe foi concedido. (0xc0000022)
[0106/203025.174:ERROR:exception_snapshot_win.cc(99)] thread ID 14372 not found in process
[0106/203025.262:ERROR:process_reader_win.cc(123)] NtOpenThread: {Acesso Negado} Um processo solicitou acesso a um objeto, mas o direito de acesso não lhe foi concedido. (0xc0000022)
[0106/203025.262:ERROR:exception_snapshot_win.cc(99)] thread ID 9652 not found in process
[0106/203025.318:ERROR:process_reader_win.cc(151)] SuspendThread: Acesso negado. (0x5)
[0106/203025.318:ERROR:process_reader_win.cc(151)] SuspendThread: Acesso negado. (0x5)
[0106/203025.318:ERROR:process_reader_win.cc(151)] SuspendThread: Acesso negado. (0x5)
[0106/203025.326:ERROR:process_reader_win.cc(151)] SuspendThread: Acesso negado. (0x5)
[0106/203025.326:ERROR:process_reader_win.cc(151)] SuspendThread: Acesso negado. (0x5)
[0106/203025.326:ERROR:process_reader_win.cc(151)] SuspendThread: Acesso negado. (0x5)
[0106/203025.326:ERROR:process_reader_win.cc(151)] SuspendThread: Acesso negado. (0x5)
[0106/203025.326:ERROR:process_reader_win.cc(151)] SuspendThread: Acesso negado. (0x5)
[0106/203025.326:ERROR:process_reader_win.cc(151)] SuspendThread: Acesso negado. (0x5)
[0106/203025.326:ERROR:process_reader_win.cc(151)] SuspendThread: Acesso negado. (0x5)
[0106/203025.326:ERROR:process_reader_win.cc(151)] SuspendThread: Acesso negado. (0x5)
[0106/203025.326:ERROR:process_reader_win.cc(151)] SuspendThread: Acesso negado. (0x5)
[0106/203025.326:ERROR:process_reader_win.cc(151)] SuspendThread: Acesso negado. (0x5)
[0106/203025.326:ERROR:process_reader_win.cc(151)] SuspendThread: Acesso negado. (0x5)
[0106/203025.326:ERROR:process_reader_win.cc(151)] SuspendThread: Acesso negado. (0x5)
[0106/203025.326:ERROR:process_reader_win.cc(151)] SuspendThread: Acesso negado. (0x5)
[0106/203025.326:ERROR:process_reader_win.cc(123)] NtOpenThread: {Acesso Negado} Um processo solicitou acesso a um objeto, mas o direito de acesso não lhe foi concedido. (0xc0000022)
[0106/203025.326:ERROR:exception_snapshot_win.cc(99)] thread ID 15704 not found in process
[0106/203220.482:ERROR:process_reader_win.cc(151)] SuspendThread: Acesso negado. (0x5)
[0106/203220.634:ERROR:process_reader_win.cc(151)] SuspendThread: Acesso negado. (0x5)
[0106/203220.642:ERROR:process_reader_win.cc(151)] SuspendThread: Acesso negado. (0x5)
[0106/203220.642:ERROR:process_reader_win.cc(151)] SuspendThread: Acesso negado. (0x5)
[0106/203220.642:ERROR:process_reader_win.cc(123)] NtOpenThread: {Acesso Negado} Um processo solicitou acesso a um objeto, mas o direito de acesso não lhe foi concedido. (0xc0000022)
[0106/203220.642:ERROR:exception_snapshot_win.cc(99)] thread ID 15352 not found in process
[0106/204333.675:ERROR:process_reader_win.cc(123)] NtOpenThread: {Acesso Negado} Um processo solicitou acesso a um objeto, mas o direito de acesso não lhe foi concedido. (0xc0000022)
[0106/204333.682:ERROR:exception_snapshot_win.cc(99)] thread ID 15260 not found in process
[0106/204333.788:ERROR:process_reader_win.cc(151)] SuspendThread: Acesso negado. (0x5)
[0106/204333.789:ERROR:process_reader_win.cc(151)] SuspendThread: Acesso negado. (0x5)
[0106/204333.790:ERROR:process_reader_win.cc(151)] SuspendThread: Acesso negado. (0x5)
[0106/204333.790:ERROR:process_reader_win.cc(151)] SuspendThread: Acesso negado. (0x5)
[0106/204333.790:ERROR:process_reader_win.cc(123)] NtOpenThread: {Acesso Negado} Um processo solicitou acesso a um objeto, mas o direito de acesso não lhe foi concedido. (0xc0000022)
[0106/204333.790:ERROR:exception_snapshot_win.cc(99)] thread ID 6332 not found in process
[0106/204608.822:ERROR:process_reader_win.cc(123)] NtOpenThread: {Acesso Negado} Um processo solicitou acesso a um objeto, mas o direito de acesso não lhe foi concedido. (0xc0000022)
[0106/204608.833:ERROR:exception_snapshot_win.cc(99)] thread ID 8800 not found in process
[0106/204608.949:ERROR:process_reader_win.cc(151)] SuspendThread: Acesso negado. (0x5)
[0106/204608.950:ERROR:process_reader_win.cc(151)] SuspendThread: Acesso negado. (0x5)
[0106/204608.950:ERROR:process_reader_win.cc(151)] SuspendThread: Acesso negado. (0x5)
[0106/204608.950:ERROR:process_reader_win.cc(151)] SuspendThread: Acesso negado. (0x5)
[0106/204608.950:ERROR:process_reader_win.cc(151)] SuspendThread: Acesso negado. (0x5)
[0106/204608.950:ERROR:process_reader_win.cc(151)] SuspendThread: Acesso negado. (0x5)
[0106/204608.950:ERROR:process_reader_win.cc(123)] NtOpenThread: {Acesso Negado} Um processo solicitou acesso a um objeto, mas o direito de acesso não lhe foi concedido. (0xc0000022)
[0106/204608.950:ERROR:exception_snapshot_win.cc(99)] thread ID 4728 not found in process
[0106/204724.756:ERROR:process_reader_win.cc(123)] NtOpenThread: {Acesso Negado} Um processo solicitou acesso a um objeto, mas o direito de acesso não lhe foi concedido. (0xc0000022)
[0106/204724.758:ERROR:exception_snapshot_win.cc(99)] thread ID 17464 not found in process
[0106/204724.824:ERROR:process_reader_win.cc(151)] SuspendThread: Acesso negado. (0x5)
[0106/204724.827:ERROR:process_reader_win.cc(151)] SuspendThread: Acesso negado. (0x5)
[0106/204724.828:ERROR:process_reader_win.cc(151)] SuspendThread: Acesso negado. (0x5)
[0106/204724.828:ERROR:process_reader_win.cc(151)] SuspendThread: Acesso negado. (0x5)
[0106/204724.828:ERROR:process_reader_win.cc(151)] SuspendThread: Acesso negado. (0x5)
[0106/204724.828:ERROR:process_reader_win.cc(151)] SuspendThread: Acesso negado. (0x5)
[0106/204724.828:ERROR:process_reader_win.cc(123)] NtOpenThread: {Acesso Negado} Um processo solicitou acesso a um objeto, mas o direito de acesso não lhe foi concedido. (0xc0000022)
[0106/204724.829:ERROR:exception_snapshot_win.cc(99)] thread ID 17400 not found in process
[0106/204952.747:ERROR:process_reader_win.cc(123)] NtOpenThread: {Acesso Negado} Um processo solicitou acesso a um objeto, mas o direito de acesso não lhe foi concedido. (0xc0000022)
[0106/204952.748:ERROR:exception_snapshot_win.cc(99)] thread ID 10916 not found in process
[0106/204952.806:ERROR:process_reader_win.cc(151)] SuspendThread: Acesso negado. (0x5)
[0106/204952.807:ERROR:process_reader_win.cc(151)] SuspendThread: Acesso negado. (0x5)
[0106/204952.807:ERROR:process_reader_win.cc(151)] SuspendThread: Acesso negado. (0x5)
[0106/204952.807:ERROR:process_reader_win.cc(151)] SuspendThread: Acesso negado. (0x5)
[0106/204952.807:ERROR:process_reader_win.cc(123)] NtOpenThread: {Acesso Negado} Um processo solicitou acesso a um objeto, mas o direito de acesso não lhe foi concedido. (0xc0000022)
[0106/204952.807:ERROR:exception_snapshot_win.cc(99)] thread ID 16516 not found in process
[0106/205104.721:ERROR:process_reader_win.cc(123)] NtOpenThread: {Acesso Negado} Um processo solicitou acesso a um objeto, mas o direito de acesso não lhe foi concedido. (0xc0000022)
[0106/205104.723:ERROR:exception_snapshot_win.cc(99)] thread ID 16264 not found in process
[0106/205104.770:ERROR:process_reader_win.cc(151)] SuspendThread: Acesso negado. (0x5)
[0106/205104.771:ERROR:process_reader_win.cc(151)] SuspendThread: Acesso negado. (0x5)
[0106/205104.771:ERROR:process_reader_win.cc(151)] SuspendThread: Acesso negado. (0x5)
[0106/205104.771:ERROR:process_reader_win.cc(151)] SuspendThread: Acesso negado. (0x5)
[0106/205104.771:ERROR:process_reader_win.cc(151)] SuspendThread: Acesso negado. (0x5)
[0106/205104.771:ERROR:process_reader_win.cc(151)] SuspendThread: Acesso negado. (0x5)
[0106/205104.771:ERROR:process_reader_win.cc(123)] NtOpenThread: {Acesso Negado} Um processo solicitou acesso a um objeto, mas o direito de acesso não lhe foi concedido. (0xc0000022)
[0106/205104.771:ERROR:exception_snapshot_win.cc(99)] thread ID 18024 not found in process
[0106/205109.958:ERROR:process_reader_win.cc(151)] SuspendThread: Acesso negado. (0x5)
[0106/205109.958:ERROR:process_reader_win.cc(151)] SuspendThread: Acesso negado. (0x5)
[0106/205109.958:ERROR:process_reader_win.cc(151)] SuspendThread: Acesso negado. (0x5)
[0106/205109.958:ERROR:process_reader_win.cc(123)] NtOpenThread: {Acesso Negado} Um processo solicitou acesso a um objeto, mas o direito de acesso não lhe foi concedido. (0xc0000022)
[0106/205109.958:ERROR:exception_snapshot_win.cc(99)] thread ID 11404 not found in process
[0106/205240.867:ERROR:process_reader_win.cc(123)] NtOpenThread: {Acesso Negado} Um processo solicitou acesso a um objeto, mas o direito de acesso não lhe foi concedido. (0xc0000022)
[0106/205240.869:ERROR:exception_snapshot_win.cc(99)] thread ID 17104 not found in process
[0106/205240.892:ERROR:process_reader_win.cc(123)] NtOpenThread: {Acesso Negado} Um processo solicitou acesso a um objeto, mas o direito de acesso não lhe foi concedido. (0xc0000022)
[0106/205240.892:ERROR:exception_snapshot_win.cc(99)] thread ID 5936 not found in process
[0106/205240.947:ERROR:process_reader_win.cc(151)] SuspendThread: Acesso negado. (0x5)
[0106/205240.948:ERROR:process_reader_win.cc(151)] SuspendThread: Acesso negado. (0x5)
[0106/205240.948:ERROR:process_reader_win.cc(151)] SuspendThread: Acesso negado. (0x5)
[0106/205240.948:ERROR:process_reader_win.cc(151)] SuspendThread: Acesso negado. (0x5)
[0106/205240.948:ERROR:process_reader_win.cc(151)] SuspendThread: Acesso negado. (0x5)
[0106/205240.948:ERROR:process_reader_win.cc(123)] NtOpenThread: {Acesso Negado} Um processo solicitou acesso a um objeto, mas o direito de acesso não lhe foi concedido. (0xc0000022)
[0106/205240.948:ERROR:exception_snapshot_win.cc(99)] thread ID 17684 not found in process
[0106/205418.899:ERROR:process_reader_win.cc(123)] NtOpenThread: {Acesso Negado} Um processo solicitou acesso a um objeto, mas o direito de acesso não lhe foi concedido. (0xc0000022)
[0106/205418.900:ERROR:exception_snapshot_win.cc(99)] thread ID 12952 not found in process
[0106/205418.938:ERROR:process_reader_win.cc(151)] SuspendThread: Acesso negado. (0x5)
[0106/205418.938:ERROR:process_reader_win.cc(123)] NtOpenThread: {Acesso Negado} Um processo solicitou acesso a um objeto, mas o direito de acesso não lhe foi concedido. (0xc0000022)
[0106/205418.938:ERROR:exception_snapshot_win.cc(99)] thread ID 6440 not found in process
[0106/205616.445:ERROR:process_reader_win.cc(123)] NtOpenThread: {Acesso Negado} Um processo solicitou acesso a um objeto, mas o direito de acesso não lhe foi concedido. (0xc0000022)
[0106/205616.447:ERROR:exception_snapshot_win.cc(99)] thread ID 10564 not found in process
[0106/205616.515:ERROR:process_reader_win.cc(151)] SuspendThread: Acesso negado. (0x5)
[0106/205616.515:ERROR:process_reader_win.cc(151)] SuspendThread: Acesso negado. (0x5)
[0106/205616.516:ERROR:process_reader_win.cc(151)] SuspendThread: Acesso negado. (0x5)
[0106/205616.516:ERROR:process_reader_win.cc(151)] SuspendThread: Acesso negado. (0x5)
[0106/205616.516:ERROR:process_reader_win.cc(151)] SuspendThread: Acesso negado. (0x5)
[0106/205616.516:ERROR:process_reader_win.cc(151)] SuspendThread: Acesso negado. (0x5)
[0106/205616.516:ERROR:process_reader_win.cc(151)] SuspendThread: Acesso negado. (0x5)
[0106/205616.516:ERROR:process_reader_win.cc(123)] NtOpenThread: {Acesso Negado} Um processo solicitou acesso a um objeto, mas o direito de acesso não lhe foi concedido. (0xc0000022)
[0106/205616.516:ERROR:exception_snapshot_win.cc(99)] thread ID 5848 not found in process
[0106/213736.561:ERROR:directory_reader_win.cc(43)] FindFirstFile: O sistema não pode encontrar o caminho especificado. (0x3)
[0107/011929.624:ERROR:process_reader_win.cc(123)] NtOpenThread: {Acesso Negado} Um processo solicitou acesso a um objeto, mas o direito de acesso não lhe foi concedido. (0xc0000022)
[0107/011929.625:ERROR:exception_snapshot_win.cc(99)] thread ID 7440 not found in process
[0107/011929.695:ERROR:process_reader_win.cc(151)] SuspendThread: Acesso negado. (0x5)
[0107/011929.695:ERROR:process_reader_win.cc(151)] SuspendThread: Acesso negado. (0x5)
[0107/011929.695:ERROR:process_reader_win.cc(151)] SuspendThread: Acesso negado. (0x5)
[0107/011929.695:ERROR:process_reader_win.cc(151)] SuspendThread: Acesso negado. (0x5)
[0107/011929.695:ERROR:process_reader_win.cc(151)] SuspendThread: Acesso negado. (0x5)
[0107/011929.695:ERROR:process_reader_win.cc(123)] NtOpenThread: {Acesso Negado} Um processo solicitou acesso a um objeto, mas o direito de acesso não lhe foi concedido. (0xc0000022)
[0107/011929.695:ERROR:exception_snapshot_win.cc(99)] thread ID 5764 not found in process
[0113/162227.540:ERROR:process_reader_win.cc(123)] NtOpenThread: {Acesso Negado} Um processo solicitou acesso a um objeto, mas o direito de acesso não lhe foi concedido. (0xc0000022)
[0113/162227.556:ERROR:exception_snapshot_win.cc(99)] thread ID 9908 not found in process
[0113/162227.618:ERROR:process_reader_win.cc(123)] NtOpenThread: {Acesso Negado} Um processo solicitou acesso a um objeto, mas o direito de acesso não lhe foi concedido. (0xc0000022)
[0113/162227.618:ERROR:exception_snapshot_win.cc(99)] thread ID 11100 not found in process
[0113/162533.239:ERROR:process_reader_win.cc(123)] NtOpenThread: {Acesso Negado} Um processo solicitou acesso a um objeto, mas o direito de acesso não lhe foi concedido. (0xc0000022)
[0113/162533.239:ERROR:exception_snapshot_win.cc(99)] thread ID 16188 not found in process
[0113/162533.286:ERROR:process_reader_win.cc(151)] SuspendThread: Acesso negado. (0x5)
[0113/162533.286:ERROR:process_reader_win.cc(151)] SuspendThread: Acesso negado. (0x5)
[0113/162533.286:ERROR:process_reader_win.cc(151)] SuspendThread: Acesso negado. (0x5)
[0113/162533.286:ERROR:process_reader_win.cc(151)] SuspendThread: Acesso negado. (0x5)
[0113/162533.286:ERROR:process_reader_win.cc(151)] SuspendThread: Acesso negado. (0x5)
[0113/162533.286:ERROR:process_reader_win.cc(151)] SuspendThread: Acesso negado. (0x5)
[0113/162533.286:ERROR:process_reader_win.cc(151)] SuspendThread: Acesso negado. (0x5)
[0113/162533.286:ERROR:process_reader_win.cc(123)] NtOpenThread: {Acesso Negado} Um processo solicitou acesso a um objeto, mas o direito de acesso não lhe foi concedido. (0xc0000022)
[0113/162533.286:ERROR:exception_snapshot_win.cc(99)] thread ID 7520 not found in process
[0113/171400.935:ERROR:process_reader_win.cc(151)] SuspendThread: Acesso negado. (0x5)
[0113/171400.982:ERROR:process_reader_win.cc(123)] NtOpenThread: {Acesso Negado} Um processo solicitou acesso a um objeto, mas o direito de acesso não lhe foi concedido. (0xc0000022)
[0113/171401.013:ERROR:exception_snapshot_win.cc(99)] thread ID 252 not found in process
[0113/181507.489:ERROR:process_reader_win.cc(123)] NtOpenThread: {Acesso Negado} Um processo solicitou acesso a um objeto, mas o direito de acesso não lhe foi concedido. (0xc0000022)
[0113/181507.536:ERROR:exception_snapshot_win.cc(99)] thread ID 11352 not found in process
[0113/181507.598:ERROR:process_reader_win.cc(123)] NtOpenThread: {Acesso Negado} Um processo solicitou acesso a um objeto, mas o direito de acesso não lhe foi concedido. (0xc0000022)
[0113/181507.598:ERROR:exception_snapshot_win.cc(99)] thread ID 7092 not found in process
[0113/181906.605:ERROR:process_reader_win.cc(123)] NtOpenThread: {Acesso Negado} Um processo solicitou acesso a um objeto, mas o direito de acesso não lhe foi concedido. (0xc0000022)
[0113/181906.607:ERROR:exception_snapshot_win.cc(99)] thread ID 1908 not found in process
[0113/181906.652:ERROR:process_reader_win.cc(151)] SuspendThread: Acesso negado. (0x5)
[0113/181906.653:ERROR:process_reader_win.cc(151)] SuspendThread: Acesso negado. (0x5)
[0113/181906.653:ERROR:process_reader_win.cc(151)] SuspendThread: Acesso negado. (0x5)
[0113/181906.653:ERROR:process_reader_win.cc(151)] SuspendThread: Acesso negado. (0x5)
[0113/181906.653:ERROR:process_reader_win.cc(151)] SuspendThread: Acesso negado. (0x5)
[0113/181906.653:ERROR:process_reader_win.cc(123)] NtOpenThread: {Acesso Negado} Um processo solicitou acesso a um objeto, mas o direito de acesso não lhe foi concedido. (0xc0000022)
[0113/181906.653:ERROR:exception_snapshot_win.cc(99)] thread ID 11132 not found in process
[0113/204956.098:ERROR:process_reader_win.cc(123)] NtOpenThread: {Acesso Negado} Um processo solicitou acesso a um objeto, mas o direito de acesso não lhe foi concedido. (0xc0000022)
[0113/204956.183:ERROR:exception_snapshot_win.cc(99)] thread ID 9800 not found in process
[0113/204956.239:ERROR:process_reader_win.cc(151)] SuspendThread: Acesso negado. (0x5)
[0113/204956.239:ERROR:process_reader_win.cc(151)] SuspendThread: Acesso negado. (0x5)
[0113/204956.239:ERROR:process_reader_win.cc(151)] SuspendThread: Acesso negado. (0x5)
[0113/204956.239:ERROR:process_reader_win.cc(151)] SuspendThread: Acesso negado. (0x5)
[0113/204956.239:ERROR:process_reader_win.cc(151)] SuspendThread: Acesso negado. (0x5)
[0113/204956.239:ERROR:process_reader_win.cc(151)] SuspendThread: Acesso negado. (0x5)
[0113/204956.239:ERROR:process_reader_win.cc(123)] NtOpenThread: {Acesso Negado} Um processo solicitou acesso a um objeto, mas o direito de acesso não lhe foi concedido. (0xc0000022)
[0113/204956.239:ERROR:exception_snapshot_win.cc(99)] thread ID 14612 not found in process
[0113/210154.263:ERROR:directory_reader_win.cc(43)] FindFirstFile: O sistema não pode encontrar o caminho especificado. (0x3)
[0113/215323.411:ERROR:process_reader_win.cc(123)] NtOpenThread: {Acesso Negado} Um processo solicitou acesso a um objeto, mas o direito de acesso não lhe foi concedido. (0xc0000022)
[0113/215323.411:ERROR:exception_snapshot_win.cc(99)] thread ID 12400 not found in process
[0113/215323.476:ERROR:process_reader_win.cc(151)] SuspendThread: Acesso negado. (0x5)
[0113/215323.476:ERROR:process_reader_win.cc(151)] SuspendThread: Acesso negado. (0x5)
[0113/215323.476:ERROR:process_reader_win.cc(151)] SuspendThread: Acesso negado. (0x5)
[0113/215323.476:ERROR:process_reader_win.cc(151)] SuspendThread: Acesso negado. (0x5)
[0113/215323.476:ERROR:process_reader_win.cc(151)] SuspendThread: Acesso negado. (0x5)
[0113/215323.476:ERROR:process_reader_win.cc(123)] NtOpenThread: {Acesso Negado} Um processo solicitou acesso a um objeto, mas o direito de acesso não lhe foi concedido. (0xc0000022)
[0113/215323.476:ERROR:exception_snapshot_win.cc(99)] thread ID 11864 not found in process
[0113/221039.940:ERROR:directory_reader_win.cc(43)] FindFirstFile: O sistema não pode encontrar o caminho especificado. (0x3)
[0113/221659.215:ERROR:process_reader_win.cc(123)] NtOpenThread: {Acesso Negado} Um processo solicitou acesso a um objeto, mas o direito de acesso não lhe foi concedido. (0xc0000022)
[0113/221659.215:ERROR:exception_snapshot_win.cc(99)] thread ID 15132 not found in process
[0113/221659.260:ERROR:process_reader_win.cc(151)] SuspendThread: Acesso negado. (0x5)
[0113/221659.260:ERROR:process_reader_win.cc(151)] SuspendThread: Acesso negado. (0x5)
[0113/221659.260:ERROR:process_reader_win.cc(151)] SuspendThread: Acesso negado. (0x5)
[0113/221659.260:ERROR:process_reader_win.cc(123)] NtOpenThread: {Acesso Negado} Um processo solicitou acesso a um objeto, mas o direito de acesso não lhe foi concedido. (0xc0000022)
[0113/221659.260:ERROR:exception_snapshot_win.cc(99)] thread ID 252 not found in process
[0113/224658.098:ERROR:directory_reader_win.cc(43)] FindFirstFile: O sistema não pode encontrar o caminho especificado. (0x3)
[0114/082200.437:ERROR:process_reader_win.cc(123)] NtOpenThread: {Acesso Negado} Um processo solicitou acesso a um objeto, mas o direito de acesso não lhe foi concedido. (0xc0000022)
[0114/082200.478:ERROR:exception_snapshot_win.cc(99)] thread ID 11060 not found in process
[0114/082200.607:ERROR:process_reader_win.cc(151)] SuspendThread: Acesso negado. (0x5)
[0114/082200.607:ERROR:process_reader_win.cc(123)] NtOpenThread: {Acesso Negado} Um processo solicitou acesso a um objeto, mas o direito de acesso não lhe foi concedido. (0xc0000022)
[0114/082200.607:ERROR:exception_snapshot_win.cc(99)] thread ID 4468 not found in process
[0114/093557.203:ERROR:process_reader_win.cc(151)] SuspendThread: Acesso negado. (0x5)
[0114/093557.208:ERROR:process_reader_win.cc(123)] NtOpenThread: {Acesso Negado} Um processo solicitou acesso a um objeto, mas o direito de acesso não lhe foi concedido. (0xc0000022)
[0114/093557.208:ERROR:exception_snapshot_win.cc(99)] thread ID 3160 not found in process
[0114/093557.218:ERROR:process_reader_win.cc(123)] NtOpenThread: {Acesso Negado} Um processo solicitou acesso a um objeto, mas o direito de acesso não lhe foi concedido. (0xc0000022)
[0114/093557.218:ERROR:exception_snapshot_win.cc(99)] thread ID 2756 not found in process
[0114/093557.271:ERROR:process_reader_win.cc(151)] SuspendThread: Acesso negado. (0x5)
[0114/093557.271:ERROR:process_reader_win.cc(123)] NtOpenThread: {Acesso Negado} Um processo solicitou acesso a um objeto, mas o direito de acesso não lhe foi concedido. (0xc0000022)
[0114/093557.271:ERROR:exception_snapshot_win.cc(99)] thread ID 15332 not found in process
[0114/094729.138:ERROR:directory_reader_win.cc(43)] FindFirstFile: O sistema não pode encontrar o caminho especificado. (0x3)
[0114/103031.732:ERROR:process_reader_win.cc(123)] NtOpenThread: {Acesso Negado} Um processo solicitou acesso a um objeto, mas o direito de acesso não lhe foi concedido. (0xc0000022)
[0114/103031.733:ERROR:exception_snapshot_win.cc(99)] thread ID 9560 not found in process
[0114/103031.900:ERROR:process_reader_win.cc(123)] NtOpenThread: {Acesso Negado} Um processo solicitou acesso a um objeto, mas o direito de acesso não lhe foi concedido. (0xc0000022)
[0114/103031.900:ERROR:exception_snapshot_win.cc(99)] thread ID 6096 not found in process
[0114/114501.386:ERROR:directory_reader_win.cc(43)] FindFirstFile: O sistema não pode encontrar o caminho especificado. (0x3)
[0114/120032.087:ERROR:process_reader_win.cc(123)] NtOpenThread: {Acesso Negado} Um processo solicitou acesso a um objeto, mas o direito de acesso não lhe foi concedido. (0xc0000022)
[0114/120032.087:ERROR:exception_snapshot_win.cc(99)] thread ID 14048 not found in process
[0114/120032.147:ERROR:process_reader_win.cc(151)] SuspendThread: Acesso negado. (0x5)
[0114/120032.147:ERROR:process_reader_win.cc(151)] SuspendThread: Acesso negado. (0x5)
[0114/120032.147:ERROR:process_reader_win.cc(151)] SuspendThread: Acesso negado. (0x5)
[0114/120032.147:ERROR:process_reader_win.cc(151)] SuspendThread: Acesso negado. (0x5)
[0114/120032.147:ERROR:process_reader_win.cc(123)] NtOpenThread: {Acesso Negado} Um processo solicitou acesso a um objeto, mas o direito de acesso não lhe foi concedido. (0xc0000022)
[0114/120032.147:ERROR:exception_snapshot_win.cc(99)] thread ID 10664 not found in process
[0114/121203.871:ERROR:process_reader_win.cc(123)] NtOpenThread: {Acesso Negado} Um processo solicitou acesso a um objeto, mas o direito de acesso não lhe foi concedido. (0xc0000022)
[0114/121203.871:ERROR:exception_snapshot_win.cc(99)] thread ID 13464 not found in process
[0114/121203.927:ERROR:process_reader_win.cc(151)] SuspendThread: Acesso negado. (0x5)
[0114/121203.935:ERROR:process_reader_win.cc(151)] SuspendThread: Acesso negado. (0x5)
[0114/121203.935:ERROR:process_reader_win.cc(151)] SuspendThread: Acesso negado. (0x5)
[0114/121203.935:ERROR:process_reader_win.cc(151)] SuspendThread: Acesso negado. (0x5)
[0114/121203.935:ERROR:process_reader_win.cc(151)] SuspendThread: Acesso negado. (0x5)
[0114/121203.935:ERROR:process_reader_win.cc(151)] SuspendThread: Acesso negado. (0x5)
[0114/121203.935:ERROR:process_reader_win.cc(151)] SuspendThread: Acesso negado. (0x5)
[0114/121203.935:ERROR:process_reader_win.cc(123)] NtOpenThread: {Acesso Negado} Um processo solicitou acesso a um objeto, mas o direito de acesso não lhe foi concedido. (0xc0000022)
[0114/121203.935:ERROR:exception_snapshot_win.cc(99)] thread ID 12948 not found in process
[0114/131449.281:ERROR:process_reader_win.cc(123)] NtOpenThread: {Acesso Negado} Um processo solicitou acesso a um objeto, mas o direito de acesso não lhe foi concedido. (0xc0000022)
[0114/131450.236:ERROR:exception_snapshot_win.cc(99)] thread ID 13376 not found in process
[0114/131452.173:ERROR:process_reader_win.cc(151)] SuspendThread: Acesso negado. (0x5)
[0114/131452.174:ERROR:process_reader_win.cc(151)] SuspendThread: Acesso negado. (0x5)
[0114/131452.174:ERROR:process_reader_win.cc(151)] SuspendThread: Acesso negado. (0x5)
[0114/131452.174:ERROR:process_reader_win.cc(123)] NtOpenThread: {Acesso Negado} Um processo solicitou acesso a um objeto, mas o direito de acesso não lhe foi concedido. (0xc0000022)
[0114/131452.174:ERROR:exception_snapshot_win.cc(99)] thread ID 6152 not found in process
[0114/131804.869:ERROR:process_reader_win.cc(123)] NtOpenThread: {Acesso Negado} Um processo solicitou acesso a um objeto, mas o direito de acesso não lhe foi concedido. (0xc0000022)
[0114/131804.869:ERROR:exception_snapshot_win.cc(99)] thread ID 5220 not found in process
[0114/131804.889:ERROR:process_reader_win.cc(123)] NtOpenThread: {Acesso Negado} Um processo solicitou acesso a um objeto, mas o direito de acesso não lhe foi concedido. (0xc0000022)
[0114/131804.889:ERROR:exception_snapshot_win.cc(99)] thread ID 13576 not found in process
[0114/131804.909:ERROR:process_reader_win.cc(151)] SuspendThread: Acesso negado. (0x5)
[0114/131804.909:ERROR:process_reader_win.cc(151)] SuspendThread: Acesso negado. (0x5)
[0114/131804.909:ERROR:process_reader_win.cc(151)] SuspendThread: Acesso negado. (0x5)
[0114/131804.909:ERROR:process_reader_win.cc(123)] NtOpenThread: {Acesso Negado} Um processo solicitou acesso a um objeto, mas o direito de acesso não lhe foi concedido. (0xc0000022)
[0114/131804.909:ERROR:exception_snapshot_win.cc(99)] thread ID 11008 not found in process
[0114/131804.941:ERROR:process_reader_win.cc(151)] SuspendThread: Acesso negado. (0x5)
[0114/131804.941:ERROR:process_reader_win.cc(151)] SuspendThread: Acesso negado. (0x5)
[0114/131804.941:ERROR:process_reader_win.cc(151)] SuspendThread: Acesso negado. (0x5)
[0114/131804.942:ERROR:process_reader_win.cc(123)] NtOpenThread: {Acesso Negado} Um processo solicitou acesso a um objeto, mas o direito de acesso não lhe foi concedido. (0xc0000022)
[0114/131804.942:ERROR:exception_snapshot_win.cc(99)] thread ID 2148 not found in process
[0114/133111.745:ERROR:process_reader_win.cc(123)] NtOpenThread: {Acesso Negado} Um processo solicitou acesso a um objeto, mas o direito de acesso não lhe foi concedido. (0xc0000022)
[0114/133111.747:ERROR:exception_snapshot_win.cc(99)] thread ID 11224 not found in process
[0114/133111.807:ERROR:process_reader_win.cc(151)] SuspendThread: Acesso negado. (0x5)
[0114/133111.808:ERROR:process_reader_win.cc(151)] SuspendThread: Acesso negado. (0x5)
[0114/133111.808:ERROR:process_reader_win.cc(151)] SuspendThread: Acesso negado. (0x5)
[0114/133111.808:ERROR:process_reader_win.cc(151)] SuspendThread: Acesso negado. (0x5)
[0114/133111.808:ERROR:process_reader_win.cc(151)] SuspendThread: Acesso negado. (0x5)
[0114/133111.808:ERROR:process_reader_win.cc(151)] SuspendThread: Acesso negado. (0x5)
[0114/133111.809:ERROR:process_reader_win.cc(123)] NtOpenThread: {Acesso Negado} Um processo solicitou acesso a um objeto, mas o direito de acesso não lhe foi concedido. (0xc0000022)
[0114/133111.809:ERROR:exception_snapshot_win.cc(99)] thread ID 4472 not found in process
[0114/133354.735:ERROR:process_reader_win.cc(151)] SuspendThread: Acesso negado. (0x5)
[0114/133354.737:ERROR:process_reader_win.cc(123)] NtOpenThread: {Acesso Negado} Um processo solicitou acesso a um objeto, mas o direito de acesso não lhe foi concedido. (0xc0000022)
[0114/133354.737:ERROR:exception_snapshot_win.cc(99)] thread ID 16264 not found in process
[0114/133354.752:ERROR:process_reader_win.cc(123)] NtOpenThread: {Acesso Negado} Um processo solicitou acesso a um objeto, mas o direito de acesso não lhe foi concedido. (0xc0000022)
[0114/133354.752:ERROR:exception_snapshot_win.cc(99)] thread ID 15328 not found in process
[0114/133354.818:ERROR:process_reader_win.cc(151)] SuspendThread: Acesso negado. (0x5)
[0114/133354.819:ERROR:process_reader_win.cc(151)] SuspendThread: Acesso negado. (0x5)
[0114/133354.819:ERROR:process_reader_win.cc(151)] SuspendThread: Acesso negado. (0x5)
[0114/133354.819:ERROR:process_reader_win.cc(151)] SuspendThread: Acesso negado. (0x5)
[0114/133354.819:ERROR:process_reader_win.cc(151)] SuspendThread: Acesso negado. (0x5)
[0114/133354.819:ERROR:process_reader_win.cc(151)] SuspendThread: Acesso negado. (0x5)
[0114/133354.819:ERROR:process_reader_win.cc(123)] NtOpenThread: {Acesso Negado} Um processo solicitou acesso a um objeto, mas o direito de acesso não lhe foi concedido. (0xc0000022)
[0114/133354.819:ERROR:exception_snapshot_win.cc(99)] thread ID 7400 not found in process
[0114/135426.328:ERROR:directory_reader_win.cc(43)] FindFirstFile: O sistema não pode encontrar o caminho especificado. (0x3)
[0114/140310.329:ERROR:process_reader_win.cc(151)] SuspendThread: Acesso negado. (0x5)
[0114/140310.329:ERROR:process_reader_win.cc(151)] SuspendThread: Acesso negado. (0x5)
[0114/140310.329:ERROR:process_reader_win.cc(151)] SuspendThread: Acesso negado. (0x5)
[0114/140310.329:ERROR:process_reader_win.cc(123)] NtOpenThread: {Acesso Negado} Um processo solicitou acesso a um objeto, mas o direito de acesso não lhe foi concedido. (0xc0000022)
[0114/140310.330:ERROR:exception_snapshot_win.cc(99)] thread ID 11896 not found in process
[0119/145342.648:ERROR:process_reader_win.cc(151)] SuspendThread: Acesso negado. (0x5)
[0119/145342.732:ERROR:process_reader_win.cc(151)] SuspendThread: Acesso negado. (0x5)
[0119/145342.732:ERROR:process_reader_win.cc(123)] NtOpenThread: {Acesso Negado} Um processo solicitou acesso a um objeto, mas o direito de acesso não lhe foi concedido. (0xc0000022)
[0119/145342.926:ERROR:exception_snapshot_win.cc(99)] thread ID 11484 not found in process
[0119/150348.311:ERROR:directory_reader_win.cc(43)] FindFirstFile: O sistema não pode encontrar o caminho especificado. (0x3)
[0119/153442.547:ERROR:process_reader_win.cc(123)] NtOpenThread: {Acesso Negado} Um processo solicitou acesso a um objeto, mas o direito de acesso não lhe foi concedido. (0xc0000022)
[0119/153442.549:ERROR:exception_snapshot_win.cc(99)] thread ID 12312 not found in process
[0119/153442.596:ERROR:process_reader_win.cc(151)] SuspendThread: Acesso negado. (0x5)
[0119/153442.599:ERROR:process_reader_win.cc(151)] SuspendThread: Acesso negado. (0x5)
[0119/153442.599:ERROR:process_reader_win.cc(151)] SuspendThread: Acesso negado. (0x5)
[0119/153442.599:ERROR:process_reader_win.cc(151)] SuspendThread: Acesso negado. (0x5)
[0119/153442.599:ERROR:process_reader_win.cc(151)] SuspendThread: Acesso negado. (0x5)
[0119/153442.599:ERROR:process_reader_win.cc(123)] NtOpenThread: {Acesso Negado} Um processo solicitou acesso a um objeto, mas o direito de acesso não lhe foi concedido. (0xc0000022)
[0119/153442.599:ERROR:exception_snapshot_win.cc(99)] thread ID 2248 not found in process
[0119/215501.675:ERROR:process_reader_win.cc(151)] SuspendThread: Acesso negado. (0x5)
[0119/215501.695:ERROR:process_reader_win.cc(123)] NtOpenThread: {Acesso Negado} Um processo solicitou acesso a um objeto, mas o direito de acesso não lhe foi concedido. (0xc0000022)
[0119/215501.725:ERROR:exception_snapshot_win.cc(99)] thread ID 17136 not found in process
[0119/215501.765:ERROR:process_reader_win.cc(151)] SuspendThread: Acesso negado. (0x5)
[0119/215501.765:ERROR:process_reader_win.cc(123)] NtOpenThread: {Acesso Negado} Um processo solicitou acesso a um objeto, mas o direito de acesso não lhe foi concedido. (0xc0000022)
[0119/215501.765:ERROR:exception_snapshot_win.cc(99)] thread ID 13776 not found in process
[0119/215501.785:ERROR:process_reader_win.cc(123)] NtOpenThread: {Acesso Negado} Um processo solicitou acesso a um objeto, mas o direito de acesso não lhe foi concedido. (0xc0000022)
[0119/215501.785:ERROR:exception_snapshot_win.cc(99)] thread ID 9996 not found in process
[0119/215501.830:ERROR:process_reader_win.cc(151)] SuspendThread: Acesso negado. (0x5)
[0119/215501.830:ERROR:process_reader_win.cc(151)] SuspendThread: Acesso negado. (0x5)
[0119/215501.830:ERROR:process_reader_win.cc(151)] SuspendThread: Acesso negado. (0x5)
[0119/215501.830:ERROR:process_reader_win.cc(151)] SuspendThread: Acesso negado. (0x5)
[0119/215501.830:ERROR:process_reader_win.cc(151)] SuspendThread: Acesso negado. (0x5)
[0119/215501.830:ERROR:process_reader_win.cc(151)] SuspendThread: Acesso negado. (0x5)
[0119/215501.830:ERROR:process_reader_win.cc(123)] NtOpenThread: {Acesso Negado} Um processo solicitou acesso a um objeto, mas o direito de acesso não lhe foi concedido. (0xc0000022)
[0119/215501.830:ERROR:exception_snapshot_win.cc(99)] thread ID 11592 not found in process
[0119/215508.115:ERROR:process_reader_win.cc(123)] NtOpenThread: {Acesso Negado} Um processo solicitou acesso a um objeto, mas o direito de acesso não lhe foi concedido. (0xc0000022)
[0119/215508.115:ERROR:exception_snapshot_win.cc(99)] thread ID 9860 not found in process
[0119/220512.112:ERROR:directory_reader_win.cc(43)] FindFirstFile: O sistema não pode encontrar o caminho especificado. (0x3)
[0120/082121.830:ERROR:process_reader_win.cc(123)] NtOpenThread: {Acesso Negado} Um processo solicitou acesso a um objeto, mas o direito de acesso não lhe foi concedido. (0xc0000022)
[0120/082121.830:ERROR:exception_snapshot_win.cc(99)] thread ID 15500 not found in process
[0120/082121.875:ERROR:process_reader_win.cc(151)] SuspendThread: Acesso negado. (0x5)
[0120/082121.875:ERROR:process_reader_win.cc(151)] SuspendThread: Acesso negado. (0x5)
[0120/082121.875:ERROR:process_reader_win.cc(151)] SuspendThread: Acesso negado. (0x5)
[0120/082121.875:ERROR:process_reader_win.cc(123)] NtOpenThread: {Acesso Negado} Um processo solicitou acesso a um objeto, mas o direito de acesso não lhe foi concedido. (0xc0000022)
[0120/082121.875:ERROR:exception_snapshot_win.cc(99)] thread ID 11752 not found in process
[0128/111756.856:ERROR:process_reader_win.cc(123)] NtOpenThread: {Acesso Negado} Um processo solicitou acesso a um objeto, mas o direito de acesso não lhe foi concedido. (0xc0000022)
[0128/111757.172:ERROR:exception_snapshot_win.cc(99)] thread ID 10428 not found in process
[0128/111757.212:ERROR:process_reader_win.cc(151)] SuspendThread: Acesso negado. (0x5)
[0128/111757.213:ERROR:process_reader_win.cc(123)] NtOpenThread: {Acesso Negado} Um processo solicitou acesso a um objeto, mas o direito de acesso não lhe foi concedido. (0xc0000022)
[0128/111757.213:ERROR:exception_snapshot_win.cc(99)] thread ID 4388 not found in process
[0128/111757.377:ERROR:process_reader_win.cc(123)] NtOpenThread: {Acesso Negado} Um processo solicitou acesso a um objeto, mas o direito de acesso não lhe foi concedido. (0xc0000022)
[0128/111757.377:ERROR:exception_snapshot_win.cc(99)] thread ID 5136 not found in process
[0128/111800.700:ERROR:process_reader_win.cc(123)] NtOpenThread: {Acesso Negado} Um processo solicitou acesso a um objeto, mas o direito de acesso não lhe foi concedido. (0xc0000022)
[0128/111800.701:ERROR:exception_snapshot_win.cc(99)] thread ID 10912 not found in process
[0128/112804.987:ERROR:directory_reader_win.cc(43)] FindFirstFile: O sistema não pode encontrar o caminho especificado. (0x3)
[0128/114239.577:ERROR:process_reader_win.cc(123)] NtOpenThread: {Acesso Negado} Um processo solicitou acesso a um objeto, mas o direito de acesso não lhe foi concedido. (0xc0000022)
[0128/114239.578:ERROR:exception_snapshot_win.cc(99)] thread ID 18664 not found in process
[0128/114239.625:ERROR:process_reader_win.cc(151)] SuspendThread: Acesso negado. (0x5)
[0128/114239.625:ERROR:process_reader_win.cc(151)] SuspendThread: Acesso negado. (0x5)
[0128/114239.625:ERROR:process_reader_win.cc(151)] SuspendThread: Acesso negado. (0x5)
[0128/114239.625:ERROR:process_reader_win.cc(151)] SuspendThread: Acesso negado. (0x5)
[0128/114239.625:ERROR:process_reader_win.cc(123)] NtOpenThread: {Acesso Negado} Um processo solicitou acesso a um objeto, mas o direito de acesso não lhe foi concedido. (0xc0000022)
[0128/114239.625:ERROR:exception_snapshot_win.cc(99)] thread ID 11872 not found in process
[0128/121714.863:ERROR:process_reader_win.cc(123)] NtOpenThread: {Acesso Negado} Um processo solicitou acesso a um objeto, mas o direito de acesso não lhe foi concedido. (0xc0000022)
[0128/121715.142:ERROR:exception_snapshot_win.cc(99)] thread ID 13664 not found in process
[0128/121715.163:ERROR:process_reader_win.cc(151)] SuspendThread: Acesso negado. (0x5)
[0128/121715.164:ERROR:process_reader_win.cc(123)] NtOpenThread: {Acesso Negado} Um processo solicitou acesso a um objeto, mas o direito de acesso não lhe foi concedido. (0xc0000022)
[0128/121715.164:ERROR:exception_snapshot_win.cc(99)] thread ID 10664 not found in process
[0128/121715.189:ERROR:process_reader_win.cc(151)] SuspendThread: Acesso negado. (0x5)
[0128/121715.189:ERROR:process_reader_win.cc(123)] NtOpenThread: {Acesso Negado} Um processo solicitou acesso a um objeto, mas o direito de acesso não lhe foi concedido. (0xc0000022)
[0128/121715.189:ERROR:exception_snapshot_win.cc(99)] thread ID 5464 not found in process
[0128/122900.034:ERROR:directory_reader_win.cc(43)] FindFirstFile: O sistema não pode encontrar o caminho especificado. (0x3)
[0128/125719.091:ERROR:process_reader_win.cc(123)] NtOpenThread: {Acesso Negado} Um processo solicitou acesso a um objeto, mas o direito de acesso não lhe foi concedido. (0xc0000022)
[0128/125719.209:ERROR:exception_snapshot_win.cc(99)] thread ID 17180 not found in process
[0128/125720.037:ERROR:process_reader_win.cc(151)] SuspendThread: Acesso negado. (0x5)
[0128/125720.038:ERROR:process_reader_win.cc(151)] SuspendThread: Acesso negado. (0x5)
[0128/125720.038:ERROR:process_reader_win.cc(123)] NtOpenThread: {Acesso Negado} Um processo solicitou acesso a um objeto, mas o direito de acesso não lhe foi concedido. (0xc0000022)
[0128/125720.038:ERROR:exception_snapshot_win.cc(99)] thread ID 7868 not found in process
